Thu Feb 22 17:46:37 2024       
+---------------------------------------------------------------------------------------+
| NVIDIA-SMI 535.154.05             Driver Version: 535.154.05   CUDA Version: 12.2     |
|-----------------------------------------+----------------------+----------------------+
| GPU  Name                 Persistence-M | Bus-Id        Disp.A | Volatile Uncorr. ECC |
| Fan  Temp   Perf          Pwr:Usage/Cap |         Memory-Usage | GPU-Util  Compute M. |
|                                         |                      |               MIG M. |
|=========================================+======================+======================|
|   0  Tesla V100-PCIE-16GB           On  | 00000000:AF:00.0 Off |                    0 |
| N/A   28C    P0              25W / 250W |      0MiB / 16384MiB |      0%   E. Process |
|                                         |                      |                  N/A |
+-----------------------------------------+----------------------+----------------------+
                                                                                         
+---------------------------------------------------------------------------------------+
| Processes:                                                                            |
|  GPU   GI   CI        PID   Type   Process name                            GPU Memory |
|        ID   ID                                                             Usage      |
|=======================================================================================|
|  No running processes found                                                           |
+---------------------------------------------------------------------------------------+
/zhome/4b/e/155339/miniconda3/envs/Denoising_EEG/bin/python3 AMLsrc/summarize_partB.py
0
1
2
3
<class 'torch.Tensor'>
torch.Size([10000, 1, 28, 28])
torch.Size([1000, 1, 28, 28])
<class 'torch.Tensor'>
torch.Size([1000, 1, 28, 28])
The mean KID 0.19110578298568726 +- 0.011893948540091515

------------------------------------------------------------
Sender: LSF System <lsfadmin@hpc.dtu.dk>
Subject: Job 20362243: <PartB> in cluster <dcc> Done

Job <PartB> was submitted from host <gbarlogin1> by user <s204231> in cluster <dcc> at Thu Feb 22 17:46:35 2024
Job was executed on host(s) <4*n-62-20-3>, in queue <gpuv100>, as user <s204231> in cluster <dcc> at Thu Feb 22 17:46:36 2024
</zhome/4b/e/155339> was used as the home directory.
</zhome/4b/e/155339/Desktop/advML/AdvML_assignment1> was used as the working directory.
Started at Thu Feb 22 17:46:36 2024
Terminated at Thu Feb 22 17:52:58 2024
Results reported at Thu Feb 22 17:52:58 2024

Your job looked like:

------------------------------------------------------------
# LSBATCH: User input
### General options
### –- specify queue --
#BSUB -q gpuv100
### -- set the job Name --
#BSUB -J PartB
### -- ask for number of cores (default: 1) --
#BSUB -n 4
### -- Select the resources: 1 gpu in exclusive process mode --
#BSUB -gpu "num=1:mode=exclusive_process"
### -- set walltime limit: hh:mm --  maximum 24 hours for GPU-queues right now
#BSUB -W 24:00
# request 5GB of system-memory
#BSUB -R "rusage[mem=10GB]"
### -- set the email address --
# please uncomment the following line and put in your e-mail address,
# if you want to receive e-mail notifications on a non-default address
##BSUB -u your_email_address
### -- send notification at start --
##BSUB -B
### -- send notification at completion--
##BSUB -N
### -- Specify the output and error file. %J is the job-id --
### -- -o and -e mean append, -oo and -eo mean overwrite --
#BSUB -o HPC/outputs/PartB_%J.out
#BSUB -e HPC/outputs/PartB_%J.err
# -- end of LSF options --

nvidia-smi
# Load the cuda module
module load cuda/11.6

# Your Conda initialization step (path might be different based on your installation)
source /zhome/4b/e/155339/miniconda3/etc/profile.d/conda.sh
#activate conda environment
conda activate Denoising_EEG

# WANDB_API_KEY=${WANDB_API_KEY}
# # Log in to WandB
# wandb login $WANDB_API_KEY
#run the training script
#make train_gaussian_gpu

make eval_partB

------------------------------------------------------------

Successfully completed.

Resource usage summary:

    CPU time :                                   379.71 sec.
    Max Memory :                                 7760 MB
    Average Memory :                             1945.60 MB
    Total Requested Memory :                     40960.00 MB
    Delta Memory :                               33200.00 MB
    Max Swap :                                   -
    Max Processes :                              5
    Max Threads :                                7
    Run time :                                   424 sec.
    Turnaround time :                            383 sec.

The output (if any) is above this job summary.



PS:

Read file <HPC/outputs/PartB_20362243.err> for stderr output of this job.

