Thu Feb 15 23:50:38 2024       
+---------------------------------------------------------------------------------------+
| NVIDIA-SMI 535.154.05             Driver Version: 535.154.05   CUDA Version: 12.2     |
|-----------------------------------------+----------------------+----------------------+
| GPU  Name                 Persistence-M | Bus-Id        Disp.A | Volatile Uncorr. ECC |
| Fan  Temp   Perf          Pwr:Usage/Cap |         Memory-Usage | GPU-Util  Compute M. |
|                                         |                      |               MIG M. |
|=========================================+======================+======================|
|   0  Tesla V100-PCIE-16GB           On  | 00000000:AF:00.0 Off |                    0 |
| N/A   29C    P0              23W / 250W |      0MiB / 16384MiB |      0%   E. Process |
|                                         |                      |                  N/A |
+-----------------------------------------+----------------------+----------------------+
                                                                                         
+---------------------------------------------------------------------------------------+
| Processes:                                                                            |
|  GPU   GI   CI        PID   Type   Process name                            GPU Memory |
|        ID   ID                                                             Usage      |
|=======================================================================================|
|  No running processes found                                                           |
+---------------------------------------------------------------------------------------+
sh partA.sh
Iteration 1
Setting up configuration
batch_size = 128
config = src/configs/partA_GaussianPrior.yaml
decoder = BernoulliDecoder
encoder = GaussianEncoder
encoder_decoder_nets = LinearEncoderDecoderNets
epochs = 2
latent_dim = 2
lr = 0.001
model = VAE
name = partA_Gaussian_v1
prior = GaussianPrior
seed = 109
transform_description = binarized
version = v1
Using device: cuda
Using random seed: 109
Loading data
Setting up model with latent dimension: 2
Training model
Using Adam optimizer with learning rate: 0.001
Sampling from model
Plotting aggregated posterior and prior contours and calculating ELBO
Saving figure to models/partA_Gaussian_v1/1708037467/latent_space.png
Evaluating model
ELBO: -150.8925018310547
IWAE: -36.51112365722656
Setting up configuration
batch_size = 128
config = src/configs/partA_GMMPrior.yaml
decoder = BernoulliDecoder
encoder = GaussianEncoder
encoder_decoder_nets = LinearEncoderDecoderNets
epochs = 20
latent_dim = 2
lr = 0.001
model = VAE
name = partA_gmm_v1
prior = GaussianMixturePrior
seed = 109
transform_description = binarized
version = v1
Using device: cuda
Using random seed: 109
Loading data
Setting up model with latent dimension: 2
Training model
Using Adam optimizer with learning rate: 0.001
