/zhome/4b/e/155339/miniconda3/envs/Denoising_EEG/bin/python3 AMLsrc/summarize_partB.py

------------------------------------------------------------
Sender: LSF System <lsfadmin@hpc.dtu.dk>
Subject: Job 20362734: <PartB> in cluster <dcc> Exited

Job <PartB> was submitted from host <gbarlogin1> by user <s204231> in cluster <dcc> at Thu Feb 22 18:11:07 2024
Job was executed on host(s) <16*n-62-29-13>, in queue <hpc>, as user <s204231> in cluster <dcc> at Thu Feb 22 18:11:08 2024
</zhome/4b/e/155339> was used as the home directory.
</zhome/4b/e/155339/Desktop/advML/AdvML_assignment1> was used as the working directory.
Started at Thu Feb 22 18:11:08 2024
Terminated at Thu Feb 22 18:14:15 2024
Results reported at Thu Feb 22 18:14:15 2024

Your job looked like:

------------------------------------------------------------
# LSBATCH: User input
### General options
### –- specify queue --
#BSUB -q hpc
### -- set the job Name --
#BSUB -J PartB
### -- ask for number of cores (default: 1) --
#BSUB -n 16
### -- Select the resources: 1 gpu in exclusive process mode --
## BSUB -gpu "num=1:mode=exclusive_process"
### -- set walltime limit: hh:mm --  maximum 24 hours for GPU-queues right now
#BSUB -W 24:00
# request 5GB of system-memory
#BSUB -R "rusage[mem=5GB]"
### -- set the email address --
# please uncomment the following line and put in your e-mail address,
# if you want to receive e-mail notifications on a non-default address
##BSUB -u your_email_address
### -- send notification at start --
##BSUB -B
### -- send notification at completion--
##BSUB -N
### -- Specify the output and error file. %J is the job-id --
### -- -o and -e mean append, -oo and -eo mean overwrite --
#BSUB -o HPC/outputs/PartB_%J.out
#BSUB -e HPC/outputs/PartB_%J.err
# -- end of LSF options --

#nvidia-smi
# Load the cuda module
#module load cuda/11.6

# Your Conda initialization step (path might be different based on your installation)
source /zhome/4b/e/155339/miniconda3/etc/profile.d/conda.sh
#activate conda environment
conda activate Denoising_EEG

# WANDB_API_KEY=${WANDB_API_KEY}
# # Log in to WandB
# wandb login $WANDB_API_KEY
#run the training script
#make train_gaussian_gpu

make eval_partB

------------------------------------------------------------

TERM_MEMLIMIT: job killed after reaching LSF memory usage limit.
Exited with exit code 2.

Resource usage summary:

    CPU time :                                   171.35 sec.
    Max Memory :                                 81920 MB
    Average Memory :                             54883.00 MB
    Total Requested Memory :                     81920.00 MB
    Delta Memory :                               0.00 MB
    Max Swap :                                   -
    Max Processes :                              5
    Max Threads :                                6
    Run time :                                   215 sec.
    Turnaround time :                            188 sec.

The output (if any) is above this job summary.



PS:

Read file <HPC/outputs/PartB_20362734.err> for stderr output of this job.

