Sun Feb 18 13:11:51 2024       
+---------------------------------------------------------------------------------------+
| NVIDIA-SMI 535.154.05             Driver Version: 535.154.05   CUDA Version: 12.2     |
|-----------------------------------------+----------------------+----------------------+
| GPU  Name                 Persistence-M | Bus-Id        Disp.A | Volatile Uncorr. ECC |
| Fan  Temp   Perf          Pwr:Usage/Cap |         Memory-Usage | GPU-Util  Compute M. |
|                                         |                      |               MIG M. |
|=========================================+======================+======================|
|   0  Tesla V100-PCIE-16GB           On  | 00000000:37:00.0 Off |                    0 |
| N/A   32C    P0              25W / 250W |      0MiB / 16384MiB |      0%   E. Process |
|                                         |                      |                  N/A |
+-----------------------------------------+----------------------+----------------------+
                                                                                         
+---------------------------------------------------------------------------------------+
| Processes:                                                                            |
|  GPU   GI   CI        PID   Type   Process name                            GPU Memory |
|        ID   ID                                                             Usage      |
|=======================================================================================|
|  No running processes found                                                           |
+---------------------------------------------------------------------------------------+
/zhome/4b/e/155339/miniconda3/envs/Denoising_EEG/bin/python3 AMLsrc/train_PartB.py --config "AMLsrc/configs/partB_DDPM.yaml" --version v1
Setting up configuration
T = 1000
batch_size = 128
beta_1 = 0.0001
beta_T = 0.02
config = AMLsrc/configs/partB_DDPM.yaml
dim = 784
epochs = 100
lr = 0.001
model = DDPM
name = partB_ddpm_v1
network = Unet
seed = 42
transform_description = minus_one_to_one
version = v1
Using device: cuda
Using random seed: 42
Loading data
Size of train data: 60000
Size of test data: 10000
Setting up model with latent dimension: 784
Training model
Using Adam optimizer with learning rate: 0.001
