/zhome/4b/e/155339/Desktop/advML/AdvML_assignment1/AMLsrc/summarize_partB.py:2: DeprecationWarning: 
Pyarrow will become a required dependency of pandas in the next major release of pandas (pandas 3.0),
(to allow more performant data types, such as the Arrow string type, and better interoperability with other libraries)
but was not found to be installed on your system.
If this would cause problems for you,
please provide us feedback at https://github.com/pandas-dev/pandas/issues/54466
        
  import pandas as pd
/zhome/4b/e/155339/miniconda3/envs/Denoising_EEG/lib/python3.10/site-packages/torchmetrics/utilities/prints.py:43: UserWarning: Metric `Kernel Inception Distance` will save all extracted features in buffer. For large datasets this may lead to large memory footprint.
  warnings.warn(*args, **kwargs)  # noqa: B028
Traceback (most recent call last):
  File "/zhome/4b/e/155339/Desktop/advML/AdvML_assignment1/AMLsrc/summarize_partB.py", line 85, in <module>
    model_samples = []
  File "/zhome/4b/e/155339/Desktop/advML/AdvML_assignment1/AMLsrc/models/ddpm.py", line 91, in sample
    x_t = C1 *(x_t - C2 * self.network(x_t, t_/self.T)) + z*torch.sqrt(self.beta[t])
  File "/zhome/4b/e/155339/miniconda3/envs/Denoising_EEG/lib/python3.10/site-packages/torch/nn/modules/module.py", line 1511, in _wrapped_call_impl
    return self._call_impl(*args, **kwargs)
  File "/zhome/4b/e/155339/miniconda3/envs/Denoising_EEG/lib/python3.10/site-packages/torch/nn/modules/module.py", line 1520, in _call_impl
    return forward_call(*args, **kwargs)
  File "/zhome/4b/e/155339/Desktop/advML/AdvML_assignment1/AMLsrc/models/unet.py", line 108, in forward
    signal = tconv(signal)
  File "/zhome/4b/e/155339/miniconda3/envs/Denoising_EEG/lib/python3.10/site-packages/torch/nn/modules/module.py", line 1511, in _wrapped_call_impl
    return self._call_impl(*args, **kwargs)
  File "/zhome/4b/e/155339/miniconda3/envs/Denoising_EEG/lib/python3.10/site-packages/torch/nn/modules/module.py", line 1520, in _call_impl
    return forward_call(*args, **kwargs)
  File "/zhome/4b/e/155339/miniconda3/envs/Denoising_EEG/lib/python3.10/site-packages/torch/nn/modules/container.py", line 217, in forward
    input = module(input)
  File "/zhome/4b/e/155339/miniconda3/envs/Denoising_EEG/lib/python3.10/site-packages/torch/nn/modules/module.py", line 1511, in _wrapped_call_impl
    return self._call_impl(*args, **kwargs)
  File "/zhome/4b/e/155339/miniconda3/envs/Denoising_EEG/lib/python3.10/site-packages/torch/nn/modules/module.py", line 1520, in _call_impl
    return forward_call(*args, **kwargs)
  File "/zhome/4b/e/155339/miniconda3/envs/Denoising_EEG/lib/python3.10/site-packages/torch/nn/modules/activation.py", line 801, in forward
    return F.logsigmoid(input)
KeyboardInterrupt
make: *** [eval_partB] Interrupt
